DEBUG:root:Computational complexity for student model: 74363924.0 FLOPS
DEBUG:root:Computational complexity for teacher model: 74363924.0 FLOPS
INFO:root:Start training for 20 epochs.
INFO:root:Training with gpu: False.
DEBUG:root:Epoch: 0\Loss: 1.2758656740188599	
DEBUG:root:Epoch: 0	 Accuracy 51
DEBUG:root:Epoch: 1\Loss: 1.251750111579895	
DEBUG:root:Epoch: 1	 Accuracy 61
DEBUG:root:Epoch: 2\Loss: 0.9807336330413818	
DEBUG:root:Epoch: 2	 Accuracy 67
DEBUG:root:Epoch: 3\Loss: 0.8074726462364197	
DEBUG:root:Epoch: 3	 Accuracy 73
DEBUG:root:Epoch: 4\Loss: 0.8157879710197449	
DEBUG:root:Epoch: 4	 Accuracy 76
DEBUG:root:Epoch: 5\Loss: 0.5574151873588562	
DEBUG:root:Epoch: 5	 Accuracy 81
DEBUG:root:Epoch: 6\Loss: 0.6084060668945312	
DEBUG:root:Epoch: 6	 Accuracy 83
DEBUG:root:Epoch: 7\Loss: 0.45110952854156494	
DEBUG:root:Epoch: 7	 Accuracy 88
DEBUG:root:Epoch: 8\Loss: 0.3510880172252655	
DEBUG:root:Epoch: 8	 Accuracy 91
DEBUG:root:Epoch: 9\Loss: 0.2816973924636841	
DEBUG:root:Epoch: 9	 Accuracy 92
DEBUG:root:Epoch: 10\Loss: 0.26946160197257996	
DEBUG:root:Epoch: 10	 Accuracy 93
DEBUG:root:Epoch: 11\Loss: 0.24541659653186798	
DEBUG:root:Epoch: 11	 Accuracy 95
DEBUG:root:Epoch: 12\Loss: 0.20247720181941986	
DEBUG:root:Epoch: 12	 Accuracy 96
DEBUG:root:Epoch: 13\Loss: 0.24925659596920013	
DEBUG:root:Epoch: 13	 Accuracy 97
DEBUG:root:Epoch: 14\Loss: 0.22412529587745667	
DEBUG:root:Epoch: 14	 Accuracy 96
DEBUG:root:Epoch: 15\Loss: 0.22006994485855103	
DEBUG:root:Epoch: 15	 Accuracy 96
DEBUG:root:Epoch: 16\Loss: 0.09237436205148697	
DEBUG:root:Epoch: 16	 Accuracy 97
DEBUG:root:Epoch: 17\Loss: 0.14749981462955475	
DEBUG:root:Epoch: 17	 Accuracy 97
DEBUG:root:Epoch: 18\Loss: 0.06885229796171188	
DEBUG:root:Epoch: 18	 Accuracy 97
DEBUG:root:Epoch: 19\Loss: 0.13873086869716644	
DEBUG:root:Epoch: 19	 Accuracy 98
INFO:root:Model checkpoint and metadata has been saved at runs\Oct08_10-38-32_DESKTOP-300CBSN.
